<?xml version="1.0" encoding="UTF-8"?>
<!-- Generated by org.testng.reporters.JUnitReportReporter -->
<testsuite hostname="DESKTOP-MHPI2J2" failures="0" tests="1" name="C30.Test.Test2" time="5.307" errors="0" timestamp="2022-08-31T15:06:08 EEST" skipped="0">
  <testcase classname="C30.Test.Test2" name="goToWebSite2" time="5.307"/>
  <system-out/>
</testsuite> <!-- C30.Test.Test2 -->
