<?xml version="1.0" encoding="UTF-8"?>
<!-- Generated by org.testng.reporters.JUnitReportReporter -->
<testsuite hostname="DESKTOP-MHPI2J2" failures="0" tests="1" name="C30.Test.TestHomePage" time="2.693" errors="0" timestamp="2022-08-31T15:06:08 EEST" skipped="0">
  <testcase classname="C30.Test.TestHomePage" name="goToWebSite" time="2.693"/>
  <system-out/>
</testsuite> <!-- C30.Test.TestHomePage -->
